<?xml version="1.0" encoding="UTF-8"?>
<!-- Generated by org.testng.reporters.JUnitXMLReporter -->
<testsuite ignored="0" hostname="PScopes-MacBook-Pro.local" failures="0" tests="4" name="PetStoreTest" time="14.579" errors="0" timestamp="2024-03-18T17:40:33 IST">
  <testcase classname="api.test.UserTests2" name="testPostUser" time="3.802"/>
  <testcase classname="api.test.UserTests2" name="testgetUser" time="1.175"/>
  <testcase classname="api.test.UserTests2" name="testupdateUser" time="2.416"/>
  <testcase classname="api.test.UserTests2" name="testdeleteUser" time="1.084"/>
</testsuite> <!-- PetStoreTest -->
