<?xml version="1.0" encoding="UTF-8"?>
<!-- Generated by org.testng.reporters.JUnitXMLReporter -->
<testsuite ignored="0" hostname="PScopes-MacBook-Pro.local" failures="0" tests="4" name="Test" time="8.588" errors="0" timestamp="2024-03-07T16:55:31 IST">
  <testcase classname="api.test.UserTests" name="testPostUser" time="3.706"/>
  <testcase classname="api.test.UserTests" name="testgetUser" time="1.19"/>
  <testcase classname="api.test.UserTests" name="testupdateUser" time="2.239"/>
  <testcase classname="api.test.UserTests" name="testdeleteUser" time="1.1"/>
</testsuite> <!-- Test -->
