<?xml version="1.0" encoding="UTF-8"?>
<testng-results ignored="0" total="4" passed="4" failed="0" skipped="0">
  <reporter-output>
  </reporter-output>
  <suite started-at="2024-03-18T17:40:13 IST" name="PetStoreAutomationSuite" finished-at="2024-03-18T17:40:28 IST" duration-ms="14579">
    <groups>
    </groups>
    <test started-at="2024-03-18T17:40:13 IST" name="PetStoreTest" finished-at="2024-03-18T17:40:28 IST" duration-ms="14579">
      <class name="api.test.UserTests2">
        <test-method is-config="true" signature="setupData()[pri:0, instance:api.test.UserTests2@4f2b503c]" started-at="2024-03-18T17:40:13 IST" name="setupData" finished-at="2024-03-18T17:40:19 IST" duration-ms="5763" status="PASS">
          <reporter-output>
          </reporter-output>
        </test-method> <!-- setupData -->
        <test-method signature="testPostUser()[pri:1, instance:api.test.UserTests2@4f2b503c]" started-at="2024-03-18T17:40:19 IST" name="testPostUser" finished-at="2024-03-18T17:40:23 IST" duration-ms="3802" status="PASS">
          <reporter-output>
          </reporter-output>
        </test-method> <!-- testPostUser -->
        <test-method signature="testgetUser()[pri:2, instance:api.test.UserTests2@4f2b503c]" started-at="2024-03-18T17:40:23 IST" name="testgetUser" finished-at="2024-03-18T17:40:24 IST" duration-ms="1175" status="PASS">
          <reporter-output>
          </reporter-output>
        </test-method> <!-- testgetUser -->
        <test-method signature="testupdateUser()[pri:3, instance:api.test.UserTests2@4f2b503c]" started-at="2024-03-18T17:40:24 IST" name="testupdateUser" finished-at="2024-03-18T17:40:27 IST" duration-ms="2416" status="PASS">
          <reporter-output>
          </reporter-output>
        </test-method> <!-- testupdateUser -->
        <test-method signature="testdeleteUser()[pri:4, instance:api.test.UserTests2@4f2b503c]" started-at="2024-03-18T17:40:27 IST" name="testdeleteUser" finished-at="2024-03-18T17:40:28 IST" duration-ms="1084" status="PASS">
          <reporter-output>
          </reporter-output>
        </test-method> <!-- testdeleteUser -->
      </class> <!-- api.test.UserTests2 -->
    </test> <!-- PetStoreTest -->
  </suite> <!-- PetStoreAutomationSuite -->
</testng-results>
