<?xml version="1.0" encoding="UTF-8"?>
<!-- Generated by org.testng.reporters.JUnitXMLReporter -->
<testsuite ignored="0" hostname="PScopes-MacBook-Pro.local" failures="0" tests="4" name="PetStoreTest" time="14.365" errors="0" timestamp="2024-03-18T17:25:36 IST">
  <testcase classname="api.test.UserTests" name="testPostUser" time="3.791"/>
  <testcase classname="api.test.UserTests" name="testgetUser" time="1.15"/>
  <testcase classname="api.test.UserTests" name="testupdateUser" time="2.228"/>
  <testcase classname="api.test.UserTests" name="testdeleteUser" time="1.101"/>
</testsuite> <!-- PetStoreTest -->
